Determining if the pthread_create exist failed with the following output:
Change Dir: /home/boaz/workspace/src/base_moveit_controller_manager/cmake-build-debug/CMakeFiles/CMakeTmp

Run Build Command:"/usr/bin/make" "cmTC_0494e/fast"
/usr/bin/make -f CMakeFiles/cmTC_0494e.dir/build.make CMakeFiles/cmTC_0494e.dir/build
make[1]: Entering directory `/home/boaz/workspace/src/base_moveit_controller_manager/cmake-build-debug/CMakeFiles/CMakeTmp'
Building C object CMakeFiles/cmTC_0494e.dir/CheckSymbolExists.c.o
/usr/bin/cc    -o CMakeFiles/cmTC_0494e.dir/CheckSymbolExists.c.o   -c /home/boaz/workspace/src/base_moveit_controller_manager/cmake-build-debug/CMakeFiles/CMakeTmp/CheckSymbolExists.c
Linking C executable cmTC_0494e
/home/boaz/Tools/CLion/clion-2018.1.3/bin/cmake/bin/cmake -E cmake_link_script CMakeFiles/cmTC_0494e.dir/link.txt --verbose=1
/usr/bin/cc      -rdynamic CMakeFiles/cmTC_0494e.dir/CheckSymbolExists.c.o  -o cmTC_0494e 
CMakeFiles/cmTC_0494e.dir/CheckSymbolExists.c.o: In function `main':
CheckSymbolExists.c:(.text+0x16): undefined reference to `pthread_create'
collect2: error: ld returned 1 exit status
make[1]: *** [cmTC_0494e] Error 1
make[1]: Leaving directory `/home/boaz/workspace/src/base_moveit_controller_manager/cmake-build-debug/CMakeFiles/CMakeTmp'
make: *** [cmTC_0494e/fast] Error 2

File /home/boaz/workspace/src/base_moveit_controller_manager/cmake-build-debug/CMakeFiles/CMakeTmp/CheckSymbolExists.c:
/* */
#include <pthread.h>

int main(int argc, char** argv)
{
  (void)argv;
#ifndef pthread_create
  return ((int*)(&pthread_create))[argc];
#else
  (void)argc;
  return 0;
#endif
}

Determining if the function pthread_create exists in the pthreads failed with the following output:
Change Dir: /home/boaz/workspace/src/base_moveit_controller_manager/cmake-build-debug/CMakeFiles/CMakeTmp

Run Build Command:"/usr/bin/make" "cmTC_87de0/fast"
/usr/bin/make -f CMakeFiles/cmTC_87de0.dir/build.make CMakeFiles/cmTC_87de0.dir/build
make[1]: Entering directory `/home/boaz/workspace/src/base_moveit_controller_manager/cmake-build-debug/CMakeFiles/CMakeTmp'
Building C object CMakeFiles/cmTC_87de0.dir/CheckFunctionExists.c.o
/usr/bin/cc   -DCHECK_FUNCTION_EXISTS=pthread_create   -o CMakeFiles/cmTC_87de0.dir/CheckFunctionExists.c.o   -c /home/boaz/Tools/CLion/clion-2018.1.3/bin/cmake/share/cmake-3.10/Modules/CheckFunctionExists.c
Linking C executable cmTC_87de0
/home/boaz/Tools/CLion/clion-2018.1.3/bin/cmake/bin/cmake -E cmake_link_script CMakeFiles/cmTC_87de0.dir/link.txt --verbose=1
/usr/bin/cc  -DCHECK_FUNCTION_EXISTS=pthread_create    -rdynamic CMakeFiles/cmTC_87de0.dir/CheckFunctionExists.c.o  -o cmTC_87de0 -lpthreads 
/usr/bin/ld: cannot find -lpthreads
collect2: error: ld returned 1 exit status
make[1]: *** [cmTC_87de0] Error 1
make[1]: Leaving directory `/home/boaz/workspace/src/base_moveit_controller_manager/cmake-build-debug/CMakeFiles/CMakeTmp'
make: *** [cmTC_87de0/fast] Error 2


